# JRE version: Java(TM) SE Runtime Environment (7.0_80-b15) (build 1.7.0_80-b15)
# Java VM: Java HotSpot(TM) 64-Bit Server VM (24.80-b11 mixed mode linux-amd64 compressed oops)
Heap
 PSYoungGen      total 322048K, used 12313K [0x00000000eaa80000, 0x0000000100000000, 0x0000000100000000)
  eden space 293376K, 0% used [0x00000000eaa80000,0x00000000eac0d030,0x00000000fc900000)
  from space 28672K, 37% used [0x00000000fe400000,0x00000000fee79450,0x0000000100000000)
  to   space 27648K, 0% used [0x00000000fc900000,0x00000000fc900000,0x00000000fe400000)
 ParOldGen       total 699392K, used 240857K [0x00000000bff80000, 0x00000000eaa80000, 0x00000000eaa80000)
  object space 699392K, 34% used [0x00000000bff80000,0x00000000ceab6578,0x00000000eaa80000)
 PSPermGen       total 262144K, used 235042K [0x00000000aff80000, 0x00000000bff80000, 0x00000000bff80000)
  object space 262144K, 89% used [0x00000000aff80000,0x00000000be508958,0x00000000bff80000)
GC Heap History (10 events):
Event: 17833.381 GC heap before
{Heap before GC invocations=201 (full 2):
 PSYoungGen      total 311296K, used 288480K [0x00000000eaa80000, 0x0000000100000000, 0x0000000100000000)
  eden space 275456K, 100% used [0x00000000eaa80000,0x00000000fb780000,0x00000000fb780000)
  from space 35840K, 36% used [0x00000000fb780000,0x00000000fc438150,0x00000000fda80000)
  to   space 34304K, 0% used [0x00000000fde80000,0x00000000fde80000,0x0000000100000000)
 ParOldGen       total 699392K, used 217237K [0x00000000bff80000, 0x00000000eaa80000, 0x00000000eaa80000)
  object space 699392K, 31% used [0x00000000bff80000,0x00000000cd3a5628,0x00000000eaa80000)
 PSPermGen       total 262144K, used 233127K [0x00000000aff80000, 0x00000000bff80000, 0x00000000bff80000)
  object space 262144K, 88% used [0x00000000aff80000,0x00000000be329db0,0x00000000bff80000)
Event: 17833.547 GC heap after
Heap after GC invocations=201 (full 2):
 PSYoungGen      total 316928K, used 6112K [0x00000000eaa80000, 0x0000000100000000, 0x0000000100000000)
  eden space 282624K, 0% used [0x00000000eaa80000,0x00000000eaa80000,0x00000000fbe80000)
  from space 34304K, 17% used [0x00000000fde80000,0x00000000fe478000,0x0000000100000000)
  to   space 32768K, 0% used [0x00000000fbe80000,0x00000000fbe80000,0x00000000fde80000)
 ParOldGen       total 699392K, used 226370K [0x00000000bff80000, 0x00000000eaa80000, 0x00000000eaa80000)
  object space 699392K, 32% used [0x00000000bff80000,0x00000000cdc90a88,0x00000000eaa80000)
 PSPermGen       total 262144K, used 233127K [0x00000000aff80000, 0x00000000bff80000, 0x00000000bff80000)
  object space 262144K, 88% used [0x00000000aff80000,0x00000000be329db0,0x00000000bff80000)
}
Event: 17833.869 GC heap before
{Heap before GC invocations=202 (full 2):
 PSYoungGen      total 316928K, used 288736K [0x00000000eaa80000, 0x0000000100000000, 0x0000000100000000)
  eden space 282624K, 100% used [0x00000000eaa80000,0x00000000fbe80000,0x00000000fbe80000)
  from space 34304K, 17% used [0x00000000fde80000,0x00000000fe478000,0x0000000100000000)
  to   space 32768K, 0% used [0x00000000fbe80000,0x00000000fbe80000,0x00000000fde80000)
 ParOldGen       total 699392K, used 226370K [0x00000000bff80000, 0x00000000eaa80000, 0x00000000eaa80000)
  object space 699392K, 32% used [0x00000000bff80000,0x00000000cdc90a88,0x00000000eaa80000)
 PSPermGen       total 262144K, used 233127K [0x00000000aff80000, 0x00000000bff80000, 0x00000000bff80000)
  object space 262144K, 88% used [0x00000000aff80000,0x00000000be329e98,0x00000000bff80000)
Event: 17833.965 GC heap after
Heap after GC invocations=202 (full 2):
 PSYoungGen      total 315392K, used 2784K [0x00000000eaa80000, 0x0000000100000000, 0x0000000100000000)
  eden space 282624K, 0% used [0x00000000eaa80000,0x00000000eaa80000,0x00000000fbe80000)
  from space 32768K, 8% used [0x00000000fbe80000,0x00000000fc138000,0x00000000fde80000)
  to   space 31744K, 0% used [0x00000000fe100000,0x00000000fe100000,0x0000000100000000)
 ParOldGen       total 699392K, used 230586K [0x00000000bff80000, 0x00000000eaa80000, 0x00000000eaa80000)
  object space 699392K, 32% used [0x00000000bff80000,0x00000000ce0ae8f8,0x00000000eaa80000)
 PSPermGen       total 262144K, used 233127K [0x00000000aff80000, 0x00000000bff80000, 0x00000000bff80000)
  object space 262144K, 88% used [0x00000000aff80000,0x00000000be329e98,0x00000000bff80000)
}
Event: 17837.303 GC heap before
{Heap before GC invocations=203 (full 2):
 PSYoungGen      total 315392K, used 285408K [0x00000000eaa80000, 0x0000000100000000, 0x0000000100000000)
  eden space 282624K, 100% used [0x00000000eaa80000,0x00000000fbe80000,0x00000000fbe80000)
  from space 32768K, 8% used [0x00000000fbe80000,0x00000000fc138000,0x00000000fde80000)
  to   space 31744K, 0% used [0x00000000fe100000,0x00000000fe100000,0x0000000100000000)
 ParOldGen       total 699392K, used 230586K [0x00000000bff80000, 0x00000000eaa80000, 0x00000000eaa80000)
  object space 699392K, 32% used [0x00000000bff80000,0x00000000ce0ae8f8,0x00000000eaa80000)
 PSPermGen       total 262144K, used 233661K [0x00000000aff80000, 0x00000000bff80000, 0x00000000bff80000)
  object space 262144K, 89% used [0x00000000aff80000,0x00000000be3af418,0x00000000bff80000)
Event: 17837.686 GC heap after
Heap after GC invocations=203 (full 2):
 PSYoungGen      total 320000K, used 6598K [0x00000000eaa80000, 0x0000000100000000, 0x0000000100000000)
  eden space 288256K, 0% used [0x00000000eaa80000,0x00000000eaa80000,0x00000000fc400000)
  from space 31744K, 20% used [0x00000000fe100000,0x00000000fe771a38,0x0000000100000000)
  to   space 29696K, 0% used [0x00000000fc400000,0x00000000fc400000,0x00000000fe100000)
 ParOldGen       total 699392K, used 233053K [0x00000000bff80000, 0x00000000eaa80000, 0x00000000eaa80000)
  object space 699392K, 33% used [0x00000000bff80000,0x00000000ce317518,0x00000000eaa80000)
 PSPermGen       total 262144K, used 233661K [0x00000000aff80000, 0x00000000bff80000, 0x00000000bff80000)
  object space 262144K, 89% used [0x00000000aff80000,0x00000000be3af418,0x00000000bff80000)
}
Event: 17868.028 GC heap before
{Heap before GC invocations=204 (full 2):
 PSYoungGen      total 320000K, used 294854K [0x00000000eaa80000, 0x0000000100000000, 0x0000000100000000)
  eden space 288256K, 100% used [0x00000000eaa80000,0x00000000fc400000,0x00000000fc400000)
  from space 31744K, 20% used [0x00000000fe100000,0x00000000fe771a38,0x0000000100000000)
  to   space 29696K, 0% used [0x00000000fc400000,0x00000000fc400000,0x00000000fe100000)
 ParOldGen       total 699392K, used 233053K [0x00000000bff80000, 0x00000000eaa80000, 0x00000000eaa80000)
  object space 699392K, 33% used [0x00000000bff80000,0x00000000ce317518,0x00000000eaa80000)
 PSPermGen       total 262144K, used 234960K [0x00000000aff80000, 0x00000000bff80000, 0x00000000bff80000)
  object space 262144K, 89% used [0x00000000aff80000,0x00000000be4f4350,0x00000000bff80000)
Event: 17868.391 GC heap after
Heap after GC invocations=204 (full 2):
 PSYoungGen      total 317952K, used 3248K [0x00000000eaa80000, 0x0000000100000000, 0x0000000100000000)
  eden space 288256K, 0% used [0x00000000eaa80000,0x00000000eaa80000,0x00000000fc400000)
  from space 29696K, 10% used [0x00000000fc400000,0x00000000fc72c380,0x00000000fe100000)
  to   space 28672K, 0% used [0x00000000fe400000,0x00000000fe400000,0x0000000100000000)
 ParOldGen       total 699392K, used 238319K [0x00000000bff80000, 0x00000000eaa80000, 0x00000000eaa80000)
  object space 699392K, 34% used [0x00000000bff80000,0x00000000ce83bfb8,0x00000000eaa80000)
 PSPermGen       total 262144K, used 234960K [0x00000000aff80000, 0x00000000bff80000, 0x00000000bff80000)
  object space 262144K, 89% used [0x00000000aff80000,0x00000000be4f4350,0x00000000bff80000)
}
Event: 17948.888 GC heap before
{Heap before GC invocations=205 (full 2):
 PSYoungGen      total 317952K, used 291504K [0x00000000eaa80000, 0x0000000100000000, 0x0000000100000000)
  eden space 288256K, 100% used [0x00000000eaa80000,0x00000000fc400000,0x00000000fc400000)
  from space 29696K, 10% used [0x00000000fc400000,0x00000000fc72c380,0x00000000fe100000)
  to   space 28672K, 0% used [0x00000000fe400000,0x00000000fe400000,0x0000000100000000)
 ParOldGen       total 699392K, used 238319K [0x00000000bff80000, 0x00000000eaa80000, 0x00000000eaa80000)
  object space 699392K, 34% used [0x00000000bff80000,0x00000000ce83bfb8,0x00000000eaa80000)
 PSPermGen       total 262144K, used 235042K [0x00000000aff80000, 0x00000000bff80000, 0x00000000bff80000)
  object space 262144K, 89% used [0x00000000aff80000,0x00000000be508958,0x00000000bff80000)
Event: 17949.620 GC heap after
Heap after GC invocations=205 (full 2):
 PSYoungGen      total 322048K, used 10725K [0x00000000eaa80000, 0x0000000100000000, 0x0000000100000000)
  eden space 293376K, 0% used [0x00000000eaa80000,0x00000000eaa80000,0x00000000fc900000)
  from space 28672K, 37% used [0x00000000fe400000,0x00000000fee79450,0x0000000100000000)
  to   space 27648K, 0% used [0x00000000fc900000,0x00000000fc900000,0x00000000fe400000)
 ParOldGen       total 699392K, used 240857K [0x00000000bff80000, 0x00000000eaa80000, 0x00000000eaa80000)
  object space 699392K, 34% used [0x00000000bff80000,0x00000000ceab6578,0x00000000eaa80000)
 PSPermGen       total 262144K, used 235042K [0x00000000aff80000, 0x00000000bff80000, 0x00000000bff80000)
  object space 262144K, 89% used [0x00000000aff80000,0x00000000be508958,0x00000000bff80000)
}

